{
  "compilerOptions": {
  "noEmit": true
    "target": "ESNext",
    "module": "ESNext",
    "moduleResolution": "node",
    "jsx": "react-jsx",
    "types": ["vitest/globals"],
    "strict": true,
    "skipLibCheck": true,
    "forceConsistentCasingInFileNames": true,
    "allowSyntheticDefaultImports": true,
    "esModuleInterop": true,
    "baseUrl": ".",
    "paths": {
      "@/*": ["src/*"],
      "@app/*": ["src/app/*"],
      "@domain/*": ["src/domain/*"],
      "@services/*": ["src/services/*"],
      "@shared-types/*": ["src/shared-types/*"],
      "@utils/*": ["src/utils/*"],
      "@config/*": ["src/config/*"],
      "@logic/*": ["src/logic/*"],
      "@ui/*": ["src/ui/*"],
      "@domain": ["src/domain/index.ts"],         
      "@infrastructure/*": ["src/infrastructure/*"],
      "@components/*": ["src/ui/components/*"],
      "@fields/*": ["src/ui/components/fields/*"],
      "@screens/*": ["src/ui/screens/*"],
      "@styles/*": ["src/ui/styles/*"],
      "@state/*": ["src/state/*"],
      "@context/*": ["src/app/context/*"],
      "@selectors/*": ["src/selectors/*"],
      "@assets/*": ["assets/*"],
      "@test-utils": ["src/test-utils/index.ts"],
      "@test-utils/*": ["src/test-utils/*"],
      "@kernel/*": ["src/kernel/*"],
      "@adapters/*": ["src/adapters/*"]
    }
  },
  "include": ["src/**/*", "src/__tests__", "index.tsx", "jest.config.ts"]
}